17.10.2022 00:00:01 - 1 new links will be parsed
17.10.2022 12:00:02 - 21 new links will be parsed
17.10.2022 15:00:02 - 18 new links will be parsed
17.10.2022 18:00:01 - 6 new links will be parsed
17.10.2022 21:00:02 - 9 new links will be parsed
18.10.2022 09:00:02 - 70 new links will be parsed
Traceback (most recent call last):
  File "/Users/adriansanchezdelasierra/projects/news_parser/new_crawler/el_debate/el_debate.py", line 82, in <module>
    title = title["content"]
TypeError: 'NoneType' object is not subscriptable
18.10.2022 12:00:01 - 13 new links will be parsed
18.10.2022 15:00:01 - 23 new links will be parsed
18.10.2022 18:00:01 - 16 new links will be parsed
18.10.2022 21:00:01 - 13 new links will be parsed
19.10.2022 00:00:02 - 3 new links will be parsed
19.10.2022 09:00:01 - 65 new links will be parsed
19.10.2022 12:00:02 - 7 new links will be parsed
19.10.2022 15:00:02 - 24 new links will be parsed
19.10.2022 18:00:01 - 11 new links will be parsed
19.10.2022 21:00:02 - 10 new links will be parsed
20.10.2022 00:00:02 - 6 new links will be parsed
20.10.2022 12:00:01 - 65 new links will be parsed
20.10.2022 15:00:02 - 18 new links will be parsed
20.10.2022 18:00:01 - 11 new links will be parsed
20.10.2022 21:00:02 - 6 new links will be parsed
21.10.2022 00:00:02 - 5 new links will be parsed
21.10.2022 12:00:02 - 67 new links will be parsed
21.10.2022 21:00:02 - 29 new links will be parsed
22.10.2022 12:00:02 - 74 new links will be parsed
